<?xml version="1.0" encoding="UTF-8"?>
<coverage generated="1718790611521" clover="3.2.0">
  <project timestamp="1718790611521" name="All files">
    <metrics statements="41" coveredstatements="37" conditionals="16" coveredconditionals="10" methods="15" coveredmethods="14" elements="72" coveredelements="61" complexity="0" loc="41" ncloc="41" packages="4" files="5" classes="5"/>
    <package name="post_app4">
      <metrics statements="2" coveredstatements="2" conditionals="0" coveredconditionals="0" methods="0" coveredmethods="0"/>
      <file name="knexfile.js" path="/Users/ananyamishra/Desktop/post_app4/knexfile.js">
        <metrics statements="2" coveredstatements="2" conditionals="0" coveredconditionals="0" methods="0" coveredmethods="0"/>
        <line num="3" count="5" type="stmt"/>
        <line num="4" count="5" type="stmt"/>
      </file>
    </package>
    <package name="post_app4.src">
      <metrics statements="15" coveredstatements="13" conditionals="6" coveredconditionals="3" methods="3" coveredmethods="3"/>
      <file name="knexfile.ts" path="/Users/ananyamishra/Desktop/post_app4/src/knexfile.ts">
        <metrics statements="2" coveredstatements="2" conditionals="0" coveredconditionals="0" methods="0" coveredmethods="0"/>
        <line num="2" count="5" type="stmt"/>
        <line num="4" count="5" type="stmt"/>
      </file>
      <file name="middleware.ts" path="/Users/ananyamishra/Desktop/post_app4/src/middleware.ts">
        <metrics statements="13" coveredstatements="11" conditionals="6" coveredconditionals="3" methods="3" coveredmethods="3"/>
        <line num="1" count="1" type="stmt"/>
        <line num="5" count="1" type="stmt"/>
        <line num="7" count="1" type="stmt"/>
        <line num="8" count="1" type="stmt"/>
        <line num="11" count="1" type="stmt"/>
        <line num="12" count="3" type="cond" truecount="3" falsecount="1"/>
        <line num="13" count="3" type="cond" truecount="0" falsecount="1"/>
        <line num="14" count="0" type="stmt"/>
        <line num="16" count="3" type="stmt"/>
        <line num="17" count="3" type="cond" truecount="0" falsecount="1"/>
        <line num="18" count="0" type="stmt"/>
        <line num="20" count="3" type="stmt"/>
        <line num="21" count="3" type="stmt"/>
      </file>
    </package>
    <package name="post_app4.src.db.migrations">
      <metrics statements="8" coveredstatements="8" conditionals="0" coveredconditionals="0" methods="6" coveredmethods="6"/>
      <file name="20240617143219_add_user_id_to_posts.ts" path="/Users/ananyamishra/Desktop/post_app4/src/db/migrations/20240617143219_add_user_id_to_posts.ts">
        <metrics statements="8" coveredstatements="8" conditionals="0" coveredconditionals="0" methods="6" coveredmethods="6"/>
        <line num="3" count="2" type="stmt"/>
        <line num="4" count="2" type="stmt"/>
        <line num="5" count="2" type="stmt"/>
        <line num="6" count="2" type="stmt"/>
        <line num="10" count="2" type="stmt"/>
        <line num="11" count="2" type="stmt"/>
        <line num="12" count="2" type="stmt"/>
        <line num="13" count="2" type="stmt"/>
      </file>
    </package>
    <package name="post_app4.src.models">
      <metrics statements="16" coveredstatements="14" conditionals="10" coveredconditionals="7" methods="6" coveredmethods="5"/>
      <file name="Posts.ts" path="/Users/ananyamishra/Desktop/post_app4/src/models/Posts.ts">
        <metrics statements="16" coveredstatements="14" conditionals="10" coveredconditionals="7" methods="6" coveredmethods="5"/>
        <line num="1" count="5" type="stmt"/>
        <line num="2" count="5" type="stmt"/>
        <line num="5" count="5" type="stmt"/>
        <line num="9" count="4" type="cond" truecount="4" falsecount="0"/>
        <line num="10" count="1" type="stmt"/>
        <line num="14" count="3" type="stmt"/>
        <line num="21" count="3" type="stmt"/>
        <line num="24" count="3" type="stmt"/>
        <line num="28" count="3" type="cond" truecount="2" falsecount="0"/>
        <line num="32" count="3" type="stmt"/>
        <line num="33" count="3" type="stmt"/>
        <line num="37" count="1" type="stmt"/>
        <line num="38" count="52" type="stmt"/>
        <line num="45" count="0" type="stmt"/>
        <line num="46" count="0" type="cond" truecount="0" falsecount="2"/>
        <line num="51" count="5" type="stmt"/>
      </file>
    </package>
  </project>
</coverage>
