{"/Users/ananyamishra/Desktop/post_app4/knexfile.js": {"path":"/Users/ananyamishra/Desktop/post_app4/knexfile.js","statementMap":{"0":{"start":{"line":3,"column":0},"end":{"line":3,"column":62}},"1":{"start":{"line":4,"column":0},"end":{"line":39,"column":2}}},"fnMap":{},"branchMap":{},"s":{"0":5,"1":5},"f":{},"b":{},"inputSourceMap":null,"_coverageSchema":"1a1c01bbd47fc00a2c39e90264f33305004495a9","hash":"9c31487937c7bff0739dd5ee2079d9daa69ea233"}
,"/Users/ananyamishra/Desktop/post_app4/src/knexfile.ts": {"path":"/Users/ananyamishra/Desktop/post_app4/src/knexfile.ts","statementMap":{"0":{"start":{"line":2,"column":0},"end":{"line":2,"column":24}},"1":{"start":{"line":4,"column":0},"end":{"line":30,"column":4}}},"fnMap":{},"branchMap":{},"s":{"0":5,"1":5},"f":{},"b":{}}
,"/Users/ananyamishra/Desktop/post_app4/src/middleware.ts": {"path":"/Users/ananyamishra/Desktop/post_app4/src/middleware.ts","statementMap":{"0":{"start":{"line":1,"column":0},"end":{"line":1,"column":31}},"1":{"start":{"line":5,"column":19},"end":{"line":5,"column":149}},"2":{"start":{"line":7,"column":29},"end":{"line":9,"column":1}},"3":{"start":{"line":8,"column":4},"end":{"line":8,"column":95}},"4":{"start":{"line":7,"column":13},"end":{"line":7,"column":29}},"5":{"start":{"line":11,"column":27},"end":{"line":23,"column":1}},"6":{"start":{"line":12,"column":18},"end":{"line":12,"column":58}},"7":{"start":{"line":13,"column":4},"end":{"line":15,"column":5}},"8":{"start":{"line":14,"column":8},"end":{"line":14,"column":84}},"9":{"start":{"line":16,"column":4},"end":{"line":22,"column":7}},"10":{"start":{"line":17,"column":8},"end":{"line":19,"column":9}},"11":{"start":{"line":18,"column":12},"end":{"line":18,"column":99}},"12":{"start":{"line":20,"column":8},"end":{"line":20,"column":46}},"13":{"start":{"line":21,"column":8},"end":{"line":21,"column":15}},"14":{"start":{"line":11,"column":13},"end":{"line":11,"column":27}}},"fnMap":{"0":{"name":"(anonymous_1)","decl":{"start":{"line":7,"column":29},"end":{"line":7,"column":30}},"loc":{"start":{"line":7,"column":52},"end":{"line":9,"column":1}}},"1":{"name":"(anonymous_2)","decl":{"start":{"line":11,"column":27},"end":{"line":11,"column":28}},"loc":{"start":{"line":11,"column":79},"end":{"line":23,"column":1}}},"2":{"name":"(anonymous_3)","decl":{"start":{"line":16,"column":34},"end":{"line":16,"column":35}},"loc":{"start":{"line":16,"column":51},"end":{"line":22,"column":5}}}},"branchMap":{"0":{"loc":{"start":{"line":12,"column":18},"end":{"line":12,"column":58}},"type":"cond-expr","locations":[{"start":{"line":12,"column":43},"end":{"line":12,"column":45}},{"start":{"line":12,"column":43},"end":{"line":12,"column":58}}]},"1":{"loc":{"start":{"line":12,"column":18},"end":{"line":12,"column":45}},"type":"binary-expr","locations":[{"start":{"line":12,"column":18},"end":{"line":12,"column":45}},{"start":{"line":12,"column":43},"end":{"line":12,"column":45}}]},"2":{"loc":{"start":{"line":13,"column":4},"end":{"line":15,"column":5}},"type":"if","locations":[{"start":{"line":13,"column":4},"end":{"line":15,"column":5}}]},"3":{"loc":{"start":{"line":17,"column":8},"end":{"line":19,"column":9}},"type":"if","locations":[{"start":{"line":17,"column":8},"end":{"line":19,"column":9}}]}},"s":{"0":1,"1":1,"2":1,"3":1,"4":1,"5":1,"6":3,"7":3,"8":0,"9":3,"10":3,"11":0,"12":3,"13":3,"14":1},"f":{"0":1,"1":3,"2":3},"b":{"0":[0,3],"1":[3,3],"2":[0],"3":[0]}}
,"/Users/ananyamishra/Desktop/post_app4/src/db/migrations/20240617143219_add_user_id_to_posts.ts": {"path":"/Users/ananyamishra/Desktop/post_app4/src/db/migrations/20240617143219_add_user_id_to_posts.ts","statementMap":{"0":{"start":{"line":3,"column":18},"end":{"line":8,"column":2}},"1":{"start":{"line":3,"column":54},"end":{"line":8,"column":2}},"2":{"start":{"line":4,"column":2},"end":{"line":7,"column":5}},"3":{"start":{"line":5,"column":4},"end":{"line":5,"column":40}},"4":{"start":{"line":6,"column":4},"end":{"line":6,"column":83}},"5":{"start":{"line":3,"column":13},"end":{"line":3,"column":18}},"6":{"start":{"line":10,"column":20},"end":{"line":15,"column":2}},"7":{"start":{"line":10,"column":56},"end":{"line":15,"column":2}},"8":{"start":{"line":11,"column":2},"end":{"line":14,"column":5}},"9":{"start":{"line":12,"column":4},"end":{"line":12,"column":33}},"10":{"start":{"line":13,"column":4},"end":{"line":13,"column":32}},"11":{"start":{"line":10,"column":13},"end":{"line":10,"column":20}}},"fnMap":{"0":{"name":"(anonymous_7)","decl":{"start":{"line":3,"column":18},"end":{"line":3,"column":25}},"loc":{"start":{"line":3,"column":54},"end":{"line":8,"column":2}}},"1":{"name":"(anonymous_8)","decl":{"start":{"line":3,"column":54},"end":{"line":3,"column":null}},"loc":{"start":{"line":3,"column":54},"end":{"line":8,"column":1}}},"2":{"name":"(anonymous_9)","decl":{"start":{"line":4,"column":35},"end":{"line":4,"column":44}},"loc":{"start":{"line":4,"column":49},"end":{"line":7,"column":3}}},"3":{"name":"(anonymous_10)","decl":{"start":{"line":10,"column":20},"end":{"line":10,"column":27}},"loc":{"start":{"line":10,"column":56},"end":{"line":15,"column":2}}},"4":{"name":"(anonymous_11)","decl":{"start":{"line":10,"column":56},"end":{"line":10,"column":null}},"loc":{"start":{"line":10,"column":56},"end":{"line":15,"column":1}}},"5":{"name":"(anonymous_12)","decl":{"start":{"line":11,"column":35},"end":{"line":11,"column":44}},"loc":{"start":{"line":11,"column":49},"end":{"line":14,"column":3}}}},"branchMap":{},"s":{"0":2,"1":2,"2":2,"3":2,"4":2,"5":2,"6":2,"7":2,"8":2,"9":2,"10":2,"11":2},"f":{"0":2,"1":2,"2":2,"3":2,"4":2,"5":2},"b":{}}
,"/Users/ananyamishra/Desktop/post_app4/src/models/Posts.ts": {"path":"/Users/ananyamishra/Desktop/post_app4/src/models/Posts.ts","statementMap":{"0":{"start":{"line":1,"column":0},"end":{"line":1,"column":24}},"1":{"start":{"line":2,"column":0},"end":{"line":2,"column":37}},"2":{"start":{"line":5,"column":11},"end":{"line":5,"column":39}},"3":{"start":{"line":9,"column":8},"end":{"line":11,"column":9}},"4":{"start":{"line":10,"column":12},"end":{"line":10,"column":83}},"5":{"start":{"line":14,"column":26},"end":{"line":19,"column":25}},"6":{"start":{"line":21,"column":8},"end":{"line":21,"column":23}},"7":{"start":{"line":24,"column":30},"end":{"line":27,"column":27}},"8":{"start":{"line":28,"column":8},"end":{"line":28,"column":35}},"9":{"start":{"line":32,"column":29},"end":{"line":32,"column":118}},"10":{"start":{"line":33,"column":8},"end":{"line":33,"column":32}},"11":{"start":{"line":37,"column":22},"end":{"line":37,"column":85}},"12":{"start":{"line":38,"column":8},"end":{"line":41,"column":12}},"13":{"start":{"line":38,"column":33},"end":{"line":40,"column":null}},"14":{"start":{"line":45,"column":21},"end":{"line":45,"column":84}},"15":{"start":{"line":46,"column":8},"end":{"line":46,"column":28}},"16":{"start":{"line":51,"column":0},"end":{"line":51,"column":31}}},"fnMap":{"0":{"name":"(anonymous_8)","decl":{"start":{"line":8,"column":10},"end":{"line":8,"column":16}},"loc":{"start":{"line":8,"column":84},"end":{"line":22,"column":null}}},"1":{"name":"(anonymous_10)","decl":{"start":{"line":23,"column":10},"end":{"line":23,"column":16}},"loc":{"start":{"line":23,"column":51},"end":{"line":29,"column":null}}},"2":{"name":"(anonymous_12)","decl":{"start":{"line":31,"column":10},"end":{"line":31,"column":16}},"loc":{"start":{"line":31,"column":27},"end":{"line":34,"column":null}}},"3":{"name":"(anonymous_14)","decl":{"start":{"line":36,"column":10},"end":{"line":36,"column":16}},"loc":{"start":{"line":36,"column":16},"end":{"line":42,"column":null}}},"4":{"name":"(anonymous_16)","decl":{"start":{"line":38,"column":25},"end":{"line":38,"column":29}},"loc":{"start":{"line":38,"column":33},"end":{"line":40,"column":null}}},"5":{"name":"(anonymous_17)","decl":{"start":{"line":44,"column":10},"end":{"line":44,"column":17}},"loc":{"start":{"line":44,"column":28},"end":{"line":47,"column":null}}}},"branchMap":{"0":{"loc":{"start":{"line":9,"column":8},"end":{"line":11,"column":9}},"type":"if","locations":[{"start":{"line":9,"column":8},"end":{"line":11,"column":9}}]},"1":{"loc":{"start":{"line":9,"column":12},"end":{"line":9,"column":60}},"type":"binary-expr","locations":[{"start":{"line":9,"column":12},"end":{"line":9,"column":23}},{"start":{"line":9,"column":27},"end":{"line":9,"column":40}},{"start":{"line":9,"column":44},"end":{"line":9,"column":60}}]},"2":{"loc":{"start":{"line":28,"column":15},"end":{"line":28,"column":34}},"type":"binary-expr","locations":[{"start":{"line":28,"column":15},"end":{"line":28,"column":26}},{"start":{"line":28,"column":30},"end":{"line":28,"column":34}}]},"3":{"loc":{"start":{"line":40,"column":24},"end":{"line":40,"column":105}},"type":"cond-expr","locations":[{"start":{"line":40,"column":62},"end":{"line":40,"column":87}},{"start":{"line":40,"column":90},"end":{"line":40,"column":105}}]},"4":{"loc":{"start":{"line":46,"column":15},"end":{"line":46,"column":27}},"type":"binary-expr","locations":[{"start":{"line":46,"column":15},"end":{"line":46,"column":19}},{"start":{"line":46,"column":23},"end":{"line":46,"column":27}}]}},"s":{"0":5,"1":5,"2":5,"3":4,"4":1,"5":3,"6":3,"7":3,"8":3,"9":3,"10":3,"11":1,"12":1,"13":52,"14":0,"15":0,"16":5},"f":{"0":4,"1":3,"2":3,"3":1,"4":52,"5":0},"b":{"0":[1],"1":[4,3,3],"2":[3,1],"3":[0,52],"4":[0,0]}}
}
