TN:
SF:knexfile.js
FNF:0
FNH:0
DA:3,5
DA:4,5
LF:2
LH:2
BRF:0
BRH:0
end_of_record
TN:
SF:src/knexfile.ts
FNF:0
FNH:0
DA:2,5
DA:4,5
LF:2
LH:2
BRF:0
BRH:0
end_of_record
TN:
SF:src/middleware.ts
FN:7,(anonymous_1)
FN:11,(anonymous_2)
FN:16,(anonymous_3)
FNF:3
FNH:3
FNDA:1,(anonymous_1)
FNDA:3,(anonymous_2)
FNDA:3,(anonymous_3)
DA:1,1
DA:5,1
DA:7,1
DA:8,1
DA:11,1
DA:12,3
DA:13,3
DA:14,0
DA:16,3
DA:17,3
DA:18,0
DA:20,3
DA:21,3
LF:13
LH:11
BRDA:12,0,0,0
BRDA:12,0,1,3
BRDA:12,1,0,3
BRDA:12,1,1,3
BRDA:13,2,0,0
BRDA:17,3,0,0
BRF:6
BRH:3
end_of_record
TN:
SF:src/db/migrations/20240617143219_add_user_id_to_posts.ts
FN:3,(anonymous_7)
FN:3,(anonymous_8)
FN:4,(anonymous_9)
FN:10,(anonymous_10)
FN:10,(anonymous_11)
FN:11,(anonymous_12)
FNF:6
FNH:6
FNDA:2,(anonymous_7)
FNDA:2,(anonymous_8)
FNDA:2,(anonymous_9)
FNDA:2,(anonymous_10)
FNDA:2,(anonymous_11)
FNDA:2,(anonymous_12)
DA:3,2
DA:4,2
DA:5,2
DA:6,2
DA:10,2
DA:11,2
DA:12,2
DA:13,2
LF:8
LH:8
BRF:0
BRH:0
end_of_record
TN:
SF:src/models/Posts.ts
FN:8,(anonymous_8)
FN:23,(anonymous_10)
FN:31,(anonymous_12)
FN:36,(anonymous_14)
FN:38,(anonymous_16)
FN:44,(anonymous_17)
FNF:6
FNH:5
FNDA:4,(anonymous_8)
FNDA:3,(anonymous_10)
FNDA:3,(anonymous_12)
FNDA:1,(anonymous_14)
FNDA:52,(anonymous_16)
FNDA:0,(anonymous_17)
DA:1,5
DA:2,5
DA:5,5
DA:9,4
DA:10,1
DA:14,3
DA:21,3
DA:24,3
DA:28,3
DA:32,3
DA:33,3
DA:37,1
DA:38,52
DA:45,0
DA:46,0
DA:51,5
LF:16
LH:14
BRDA:9,0,0,1
BRDA:9,1,0,4
BRDA:9,1,1,3
BRDA:9,1,2,3
BRDA:28,2,0,3
BRDA:28,2,1,1
BRDA:40,3,0,0
BRDA:40,3,1,52
BRDA:46,4,0,0
BRDA:46,4,1,0
BRF:10
BRH:7
end_of_record
